<?xml version="1.0" encoding="UTF-8"?>
<testsuite xmlns:xsi="http://www.w3.org/2001/XMLSchema-instance" xsi:noNamespaceSchemaLocation="https://maven.apache.org/surefire/maven-surefire-plugin/xsd/surefire-test-report.xsd" name="DefaultPipelineSpec" time="9.739" tests="3" errors="0" skipped="0" failures="0">
  <properties>
    <property name="sun.desktop" value="windows"/>
    <property name="awt.toolkit" value="sun.awt.windows.WToolkit"/>
    <property name="file.encoding.pkg" value="sun.io"/>
    <property name="java.specification.version" value="1.8"/>
    <property name="sun.cpu.isalist" value="pentium_pro+mmx pentium_pro pentium+mmx pentium i486 i386 i86"/>
    <property name="sun.jnu.encoding" value="Cp1252"/>
    <property name="java.class.path" value="C:\Users\umesh\.m2\repository\org\apache\maven\surefire\surefire-booter\2.22.0\surefire-booter-2.22.0.jar;C:\Users\umesh\.m2\repository\org\apache\maven\surefire\surefire-api\2.22.0\surefire-api-2.22.0.jar;C:\Users\umesh\.m2\repository\org\apache\maven\surefire\surefire-logger-api\2.22.0\surefire-logger-api-2.22.0.jar;D:\CODE\Sample\GitSample\TAC2019\pipelinecode-unittest-shared-library\target\test-classes;D:\CODE\Sample\GitSample\TAC2019\pipelinecode-unittest-shared-library\target\classes;C:\Users\umesh\.m2\repository\com\homeaway\devtools\jenkins\jenkins-spock\2.0.0\jenkins-spock-2.0.0.jar;C:\Users\umesh\.m2\repository\cglib\cglib-nodep\3.2.7\cglib-nodep-3.2.7.jar;C:\Users\umesh\.m2\repository\org\objenesis\objenesis\2.6\objenesis-2.6.jar;C:\Users\umesh\.m2\repository\org\reflections\reflections\0.9.11\reflections-0.9.11.jar;C:\Users\umesh\.m2\repository\org\javassist\javassist\3.21.0-GA\javassist-3.21.0-GA.jar;C:\Users\umesh\.m2\repository\io\github\lukehutch\fast-classpath-scanner\2.8.2\fast-classpath-scanner-2.8.2.jar;C:\Users\umesh\.m2\repository\ch\qos\logback\logback-core\1.2.3\logback-core-1.2.3.jar;C:\Users\umesh\.m2\repository\ch\qos\logback\logback-classic\1.2.3\logback-classic-1.2.3.jar;C:\Users\umesh\.m2\repository\javax\servlet\javax.servlet-api\3.1.0\javax.servlet-api-3.1.0.jar;C:\Users\umesh\.m2\repository\junit\junit\4.12\junit-4.12.jar;C:\Users\umesh\.m2\repository\org\hamcrest\hamcrest-core\1.3\hamcrest-core-1.3.jar;C:\Users\umesh\.m2\repository\org\jenkins-ci\main\jenkins-core\2.102\jenkins-core-2.102.jar;C:\Users\umesh\.m2\repository\org\jenkins-ci\plugins\icon-shim\icon-set\1.0.5\icon-set-1.0.5.jar;C:\Users\umesh\.m2\repository\org\jenkins-ci\main\remoting\3.16\remoting-3.16.jar;C:\Users\umesh\.m2\repository\org\jenkins-ci\constant-pool-scanner\1.2\constant-pool-scanner-1.2.jar;C:\Users\umesh\.m2\repository\org\jenkins-ci\main\cli\2.102\cli-2.102.jar;C:\Users\umesh\.m2\repository\org\jenkins-ci\version-number\1.4\version-number-1.4.jar;C:\Users\umesh\.m2\repository\org\jenkins-ci\crypto-util\1.1\crypto-util-1.1.jar;C:\Users\umesh\.m2\repository\org\jvnet\hudson\jtidy\4aug2000r7-dev-hudson-1\jtidy-4aug2000r7-dev-hudson-1.jar;C:\Users\umesh\.m2\repository\com\google\inject\guice\4.0\guice-4.0.jar;C:\Users\umesh\.m2\repository\javax\inject\javax.inject\1\javax.inject-1.jar;C:\Users\umesh\.m2\repository\aopalliance\aopalliance\1.0\aopalliance-1.0.jar;C:\Users\umesh\.m2\repository\org\jruby\ext\posix\jna-posix\1.0.3-jenkins-1\jna-posix-1.0.3-jenkins-1.jar;C:\Users\umesh\.m2\repository\com\github\jnr\jnr-posix\3.0.41\jnr-posix-3.0.41.jar;C:\Users\umesh\.m2\repository\com\github\jnr\jnr-ffi\2.1.4\jnr-ffi-2.1.4.jar;C:\Users\umesh\.m2\repository\com\github\jnr\jffi\1.2.15\jffi-1.2.15.jar;C:\Users\umesh\.m2\repository\com\github\jnr\jffi\1.2.15\jffi-1.2.15-native.jar;C:\Users\umesh\.m2\repository\org\ow2\asm\asm\5.0.3\asm-5.0.3.jar;C:\Users\umesh\.m2\repository\org\ow2\asm\asm-commons\5.0.3\asm-commons-5.0.3.jar;C:\Users\umesh\.m2\repository\org\ow2\asm\asm-analysis\5.0.3\asm-analysis-5.0.3.jar;C:\Users\umesh\.m2\repository\org\ow2\asm\asm-tree\5.0.3\asm-tree-5.0.3.jar;C:\Users\umesh\.m2\repository\org\ow2\asm\asm-util\5.0.3\asm-util-5.0.3.jar;C:\Users\umesh\.m2\repository\com\github\jnr\jnr-x86asm\1.0.2\jnr-x86asm-1.0.2.jar;C:\Users\umesh\.m2\repository\com\github\jnr\jnr-constants\0.9.8\jnr-constants-0.9.8.jar;C:\Users\umesh\.m2\repository\org\kohsuke\trilead-putty-extension\1.2\trilead-putty-extension-1.2.jar;C:\Users\umesh\.m2\repository\org\jenkins-ci\trilead-ssh2\build-217-jenkins-11\trilead-ssh2-build-217-jenkins-11.jar;C:\Users\umesh\.m2\repository\net\i2p\crypto\eddsa\0.2.0\eddsa-0.2.0.jar;C:\Users\umesh\.m2\repository\org\connectbot\jbcrypt\jbcrypt\1.0.0\jbcrypt-1.0.0.jar;C:\Users\umesh\.m2\repository\org\kohsuke\stapler\stapler-groovy\1.254\stapler-groovy-1.254.jar;C:\Users\umesh\.m2\repository\org\kohsuke\stapler\stapler-jelly\1.254\stapler-jelly-1.254.jar;C:\Users\umesh\.m2\repository\org\jenkins-ci\commons-jelly\1.1-jenkins-20120928\commons-jelly-1.1-jenkins-20120928.jar;C:\Users\umesh\.m2\repository\org\jenkins-ci\dom4j\dom4j\1.6.1-jenkins-4\dom4j-1.6.1-jenkins-4.jar;C:\Users\umesh\.m2\repository\org\kohsuke\stapler\stapler-jrebel\1.254\stapler-jrebel-1.254.jar;C:\Users\umesh\.m2\repository\org\kohsuke\stapler\stapler\1.254\stapler-1.254.jar;C:\Users\umesh\.m2\repository\javax\annotation\javax.annotation-api\1.2\javax.annotation-api-1.2.jar;C:\Users\umesh\.m2\repository\commons-discovery\commons-discovery\0.4\commons-discovery-0.4.jar;C:\Users\umesh\.m2\repository\org\jvnet\tiger-types\2.2\tiger-types-2.2.jar;C:\Users\umesh\.m2\repository\org\kohsuke\windows-package-checker\1.2\windows-package-checker-1.2.jar;C:\Users\umesh\.m2\repository\org\kohsuke\stapler\stapler-adjunct-zeroclipboard\1.3.5-1\stapler-adjunct-zeroclipboard-1.3.5-1.jar;C:\Users\umesh\.m2\repository\org\kohsuke\stapler\stapler-adjunct-timeline\1.5\stapler-adjunct-timeline-1.5.jar;C:\Users\umesh\.m2\repository\org\kohsuke\stapler\stapler-adjunct-codemirror\1.3\stapler-adjunct-codemirror-1.3.jar;C:\Users\umesh\.m2\repository\com\infradna\tool\bridge-method-annotation\1.13\bridge-method-annotation-1.13.jar;C:\Users\umesh\.m2\repository\org\kohsuke\stapler\json-lib\2.4-jenkins-2\json-lib-2.4-jenkins-2.jar;C:\Users\umesh\.m2\repository\commons-logging\commons-logging\1.1.1\commons-logging-1.1.1.jar;C:\Users\umesh\.m2\repository\net\sf\ezmorph\ezmorph\1.0.6\ezmorph-1.0.6.jar;C:\Users\umesh\.m2\repository\commons-httpclient\commons-httpclient\3.1-jenkins-1\commons-httpclient-3.1-jenkins-1.jar;C:\Users\umesh\.m2\repository\args4j\args4j\2.0.31\args4j-2.0.31.jar;C:\Users\umesh\.m2\repository\org\jenkins-ci\annotation-indexer\1.12\annotation-indexer-1.12.jar;C:\Users\umesh\.m2\repository\org\jenkins-ci\bytecode-compatibility-transformer\1.8\bytecode-compatibility-transformer-1.8.jar;C:\Users\umesh\.m2\repository\org\kohsuke\asm5\5.0.1\asm5-5.0.1.jar;C:\Users\umesh\.m2\repository\org\jenkins-ci\task-reactor\1.4\task-reactor-1.4.jar;C:\Users\umesh\.m2\repository\org\jvnet\localizer\localizer\1.24\localizer-1.24.jar;C:\Users\umesh\.m2\repository\antlr\antlr\2.7.6\antlr-2.7.6.jar;C:\Users\umesh\.m2\repository\org\jvnet\hudson\xstream\1.4.7-jenkins-1\xstream-1.4.7-jenkins-1.jar;C:\Users\umesh\.m2\repository\jfree\jfreechart\1.0.9\jfreechart-1.0.9.jar;C:\Users\umesh\.m2\repository\jfree\jcommon\1.0.12\jcommon-1.0.12.jar;C:\Users\umesh\.m2\repository\org\apache\ant\ant\1.8.4\ant-1.8.4.jar;C:\Users\umesh\.m2\repository\org\apache\ant\ant-launcher\1.8.4\ant-launcher-1.8.4.jar;C:\Users\umesh\.m2\repository\commons-io\commons-io\2.4\commons-io-2.4.jar;C:\Users\umesh\.m2\repository\commons-lang\commons-lang\2.6\commons-lang-2.6.jar;C:\Users\umesh\.m2\repository\commons-digester\commons-digester\2.1\commons-digester-2.1.jar;C:\Users\umesh\.m2\repository\commons-beanutils\commons-beanutils\1.8.3\commons-beanutils-1.8.3.jar;C:\Users\umesh\.m2\repository\org\apache\commons\commons-compress\1.10\commons-compress-1.10.jar;C:\Users\umesh\.m2\repository\javax\mail\mail\1.4.4\mail-1.4.4.jar;C:\Users\umesh\.m2\repository\org\jvnet\hudson\activation\1.1.1-hudson-1\activation-1.1.1-hudson-1.jar;C:\Users\umesh\.m2\repository\jaxen\jaxen\1.1-beta-11\jaxen-1.1-beta-11.jar;C:\Users\umesh\.m2\repository\commons-jelly\commons-jelly-tags-fmt\1.0\commons-jelly-tags-fmt-1.0.jar;C:\Users\umesh\.m2\repository\commons-jelly\commons-jelly-tags-xml\1.1\commons-jelly-tags-xml-1.1.jar;C:\Users\umesh\.m2\repository\org\jvnet\hudson\commons-jelly-tags-define\1.0.1-hudson-20071021\commons-jelly-tags-define-1.0.1-hudson-20071021.jar;C:\Users\umesh\.m2\repository\org\jenkins-ci\commons-jexl\1.1-jenkins-20111212\commons-jexl-1.1-jenkins-20111212.jar;C:\Users\umesh\.m2\repository\org\acegisecurity\acegi-security\1.0.7\acegi-security-1.0.7.jar;C:\Users\umesh\.m2\repository\org\springframework\spring-jdbc\1.2.9\spring-jdbc-1.2.9.jar;C:\Users\umesh\.m2\repository\org\springframework\spring-dao\1.2.9\spring-dao-1.2.9.jar;C:\Users\umesh\.m2\repository\oro\oro\2.0.8\oro-2.0.8.jar;C:\Users\umesh\.m2\repository\log4j\log4j\1.2.9\log4j-1.2.9.jar;C:\Users\umesh\.m2\repository\jline\jline\2.12\jline-2.12.jar;C:\Users\umesh\.m2\repository\org\fusesource\jansi\jansi\1.11\jansi-1.11.jar;C:\Users\umesh\.m2\repository\org\springframework\spring-webmvc\2.5.6.SEC03\spring-webmvc-2.5.6.SEC03.jar;C:\Users\umesh\.m2\repository\org\springframework\spring-beans\2.5.6.SEC03\spring-beans-2.5.6.SEC03.jar;C:\Users\umesh\.m2\repository\org\springframework\spring-context\2.5.6.SEC03\spring-context-2.5.6.SEC03.jar;C:\Users\umesh\.m2\repository\org\springframework\spring-context-support\2.5.6.SEC03\spring-context-support-2.5.6.SEC03.jar;C:\Users\umesh\.m2\repository\org\springframework\spring-web\2.5.6.SEC03\spring-web-2.5.6.SEC03.jar;C:\Users\umesh\.m2\repository\org\springframework\spring-core\2.5.6.SEC03\spring-core-2.5.6.SEC03.jar;C:\Users\umesh\.m2\repository\org\springframework\spring-aop\2.5.6.SEC03\spring-aop-2.5.6.SEC03.jar;C:\Users\umesh\.m2\repository\xpp3\xpp3\1.1.4c\xpp3-1.1.4c.jar;C:\Users\umesh\.m2\repository\javax\servlet\jsp\jstl\javax.servlet.jsp.jstl-api\1.2.1\javax.servlet.jsp.jstl-api-1.2.1.jar;C:\Users\umesh\.m2\repository\com\sun\xml\txw2\txw2\20110809\txw2-20110809.jar;C:\Users\umesh\.m2\repository\javax\xml\stream\stax-api\1.0-2\stax-api-1.0-2.jar;C:\Users\umesh\.m2\repository\relaxngDatatype\relaxngDatatype\20020414\relaxngDatatype-20020414.jar;C:\Users\umesh\.m2\repository\commons-collections\commons-collections\3.2.2\commons-collections-3.2.2.jar;C:\Users\umesh\.m2\repository\org\jvnet\winp\winp\1.25\winp-1.25.jar;C:\Users\umesh\.m2\repository\org\jenkins-ci\memory-monitor\1.9\memory-monitor-1.9.jar;C:\Users\umesh\.m2\repository\org\codehaus\woodstox\wstx-asl\3.2.9\wstx-asl-3.2.9.jar;C:\Users\umesh\.m2\repository\stax\stax-api\1.0.1\stax-api-1.0.1.jar;C:\Users\umesh\.m2\repository\org\jenkins-ci\jmdns\3.4.0-jenkins-3\jmdns-3.4.0-jenkins-3.jar;C:\Users\umesh\.m2\repository\net\java\dev\jna\jna\4.2.1\jna-4.2.1.jar;C:\Users\umesh\.m2\repository\org\kohsuke\akuma\1.10\akuma-1.10.jar;C:\Users\umesh\.m2\repository\org\kohsuke\libpam4j\1.8\libpam4j-1.8.jar;C:\Users\umesh\.m2\repository\org\kohsuke\libzfs\0.8\libzfs-0.8.jar;C:\Users\umesh\.m2\repository\com\sun\solaris\embedded_su4j\1.1\embedded_su4j-1.1.jar;C:\Users\umesh\.m2\repository\net\java\sezpoz\sezpoz\1.12\sezpoz-1.12.jar;C:\Users\umesh\.m2\repository\org\kohsuke\jinterop\j-interop\2.0.6-kohsuke-1\j-interop-2.0.6-kohsuke-1.jar;C:\Users\umesh\.m2\repository\org\kohsuke\jinterop\j-interopdeps\2.0.6-kohsuke-1\j-interopdeps-2.0.6-kohsuke-1.jar;C:\Users\umesh\.m2\repository\org\samba\jcifs\jcifs\1.2.19\jcifs-1.2.19.jar;C:\Users\umesh\.m2\repository\org\jvnet\robust-http-client\robust-http-client\1.2\robust-http-client-1.2.jar;C:\Users\umesh\.m2\repository\commons-codec\commons-codec\1.9\commons-codec-1.9.jar;C:\Users\umesh\.m2\repository\org\kohsuke\access-modifier-annotation\1.12\access-modifier-annotation-1.12.jar;C:\Users\umesh\.m2\repository\commons-fileupload\commons-fileupload\1.3.1-jenkins-2\commons-fileupload-1.3.1-jenkins-2.jar;C:\Users\umesh\.m2\repository\com\google\guava\guava\20.0\guava-20.0.jar;C:\Users\umesh\.m2\repository\com\jcraft\jzlib\1.1.3-kohsuke-1\jzlib-1.1.3-kohsuke-1.jar;C:\Users\umesh\.m2\repository\org\jenkins-ci\plugins\workflow\workflow-step-api\2.10\workflow-step-api-2.10.jar;C:\Users\umesh\.m2\repository\org\jenkins-ci\plugins\structs\1.5\structs-1.5.jar;C:\Users\umesh\.m2\repository\org\jenkins-ci\plugins\workflow\workflow-cps\2.36\workflow-cps-2.36.jar;C:\Users\umesh\.m2\repository\org\jenkins-ci\plugins\workflow\workflow-api\2.16\workflow-api-2.16.jar;C:\Users\umesh\.m2\repository\org\jenkins-ci\plugins\workflow\workflow-support\2.14\workflow-support-2.14.jar;C:\Users\umesh\.m2\repository\org\jboss\marshalling\jboss-marshalling-river\1.4.9.Final\jboss-marshalling-river-1.4.9.Final.jar;C:\Users\umesh\.m2\repository\org\jboss\marshalling\jboss-marshalling\1.4.9.Final\jboss-marshalling-1.4.9.Final.jar;C:\Users\umesh\.m2\repository\org\jenkins-ci\plugins\workflow\workflow-scm-step\2.4\workflow-scm-step-2.4.jar;C:\Users\umesh\.m2\repository\org\jenkins-ci\plugins\script-security\1.29\script-security-1.29.jar;C:\Users\umesh\.m2\repository\org\kohsuke\groovy-sandbox\1.10\groovy-sandbox-1.10.jar;C:\Users\umesh\.m2\repository\org\jenkins-ci\plugins\scm-api\2.0.8\scm-api-2.0.8.jar;C:\Users\umesh\.m2\repository\com\cloudbees\groovy-cps\1.16\groovy-cps-1.16.jar;C:\Users\umesh\.m2\repository\org\jenkins-ci\ui\jquery-detached\1.2.1\jquery-detached-1.2.1.jar;C:\Users\umesh\.m2\repository\org\jenkins-ci\ui\ace-editor\1.0.1\ace-editor-1.0.1.jar;C:\Users\umesh\.m2\repository\com\cloudbees\diff4j\1.2\diff4j-1.2.jar;C:\Users\umesh\.m2\repository\org\jenkins-ci\symbol-annotation\1.10\symbol-annotation-1.10.jar;C:\Users\umesh\.m2\repository\org\codehaus\groovy\groovy-all\2.4.11\groovy-all-2.4.11.jar;C:\Users\umesh\.m2\repository\org\slf4j\jcl-over-slf4j\1.7.25\jcl-over-slf4j-1.7.25.jar;C:\Users\umesh\.m2\repository\org\slf4j\log4j-over-slf4j\1.7.25\log4j-over-slf4j-1.7.25.jar;C:\Users\umesh\.m2\repository\org\slf4j\slf4j-api\1.7.25\slf4j-api-1.7.25.jar;C:\Users\umesh\.m2\repository\org\spockframework\spock-core\1.1-groovy-2.4\spock-core-1.1-groovy-2.4.jar;C:\Users\umesh\.m2\repository\org\jenkins-ci\plugins\workflow\workflow-durable-task-step\2.21\workflow-durable-task-step-2.21.jar;C:\Users\umesh\.m2\repository\org\jenkins-ci\plugins\durable-task\1.24\durable-task-1.24.jar;C:\Users\umesh\.m2\repository\org\jenkins-ci\plugins\slack\2.3\slack-2.3.jar;C:\Users\umesh\.m2\repository\org\jenkins-ci\plugins\display-url-api\0.4\display-url-api-0.4.jar;C:\Users\umesh\.m2\repository\org\jenkins-ci\plugins\junit\1.3\junit-1.3.jar;C:\Users\umesh\.m2\repository\com\fasterxml\jackson\core\jackson-databind\2.4.4\jackson-databind-2.4.4.jar;C:\Users\umesh\.m2\repository\com\fasterxml\jackson\core\jackson-annotations\2.4.0\jackson-annotations-2.4.0.jar;C:\Users\umesh\.m2\repository\com\fasterxml\jackson\core\jackson-core\2.4.4\jackson-core-2.4.4.jar;C:\Users\umesh\.m2\repository\org\apache\httpcomponents\httpclient\4.3.2\httpclient-4.3.2.jar;C:\Users\umesh\.m2\repository\org\apache\httpcomponents\httpcore\4.3.1\httpcore-4.3.1.jar;C:\Users\umesh\.m2\repository\org\json\json\20131018\json-20131018.jar;C:\Users\umesh\.m2\repository\org\jenkins-ci\plugins\credentials\1.25\credentials-1.25.jar;C:\Users\umesh\.m2\repository\net\jcip\jcip-annotations\1.0\jcip-annotations-1.0.jar;C:\Users\umesh\.m2\repository\com\github\stephenc\findbugs\findbugs-annotations\1.3.9-1\findbugs-annotations-1.3.9-1.jar;C:\Users\umesh\.m2\repository\com\google\code\findbugs\jsr305\1.3.9\jsr305-1.3.9.jar;C:\Users\umesh\.m2\repository\org\jenkins-ci\plugins\icon-shim\icon-shim\2.0.2\icon-shim-2.0.2.jar;C:\Users\umesh\.m2\repository\org\jenkins-ci\plugins\plain-credentials\1.1\plain-credentials-1.1.jar;C:\Users\umesh\.m2\repository\org\jenkins-ci\plugins\pipeline-stage-step\2.3\pipeline-stage-step-2.3.jar;C:\Users\umesh\.m2\repository\org\jenkins-ci\plugins\ssh-agent\1.16\ssh-agent-1.16.jar;C:\Users\umesh\.m2\repository\org\apache\sshd\sshd-core\1.0.0\sshd-core-1.0.0.jar;C:\Users\umesh\.m2\repository\tomcat\tomcat-apr\5.5.23\tomcat-apr-5.5.23.jar;C:\Users\umesh\.m2\repository\com\cloudbees\util\jnr-unixsocket-nodep\0.3.1\jnr-unixsocket-nodep-0.3.1.jar;C:\Users\umesh\.m2\repository\org\jenkins-ci\plugins\ssh-credentials\1.14\ssh-credentials-1.14.jar;C:\Users\umesh\.m2\repository\org\jenkins-ci\plugins\bouncycastle-api\2.16.3\bouncycastle-api-2.16.3.jar;C:\Users\umesh\.m2\repository\org\bouncycastle\bcpkix-jdk15on\1.59\bcpkix-jdk15on-1.59.jar;C:\Users\umesh\.m2\repository\org\bouncycastle\bcprov-jdk15on\1.59\bcprov-jdk15on-1.59.jar;C:\Users\umesh\.m2\repository\org\jenkins-ci\plugins\workflow\workflow-cps-global-lib\2.10\workflow-cps-global-lib-2.10.jar;C:\Users\umesh\.m2\repository\org\jenkins-ci\plugins\git-server\1.7\git-server-1.7.jar;C:\Users\umesh\.m2\repository\org\jenkins-ci\plugins\git-client\2.6.0\git-client-2.6.0.jar;C:\Users\umesh\.m2\repository\org\eclipse\jgit\org.eclipse.jgit\4.5.3.201708160445-r\org.eclipse.jgit-4.5.3.201708160445-r.jar;C:\Users\umesh\.m2\repository\com\googlecode\javaewah\JavaEWAH\0.7.9\JavaEWAH-0.7.9.jar;C:\Users\umesh\.m2\repository\org\eclipse\jgit\org.eclipse.jgit.http.server\4.5.3.201708160445-r\org.eclipse.jgit.http.server-4.5.3.201708160445-r.jar;C:\Users\umesh\.m2\repository\org\eclipse\jgit\org.eclipse.jgit.http.apache\4.5.3.201708160445-r\org.eclipse.jgit.http.apache-4.5.3.201708160445-r.jar;C:\Users\umesh\.m2\repository\org\jenkins-ci\plugins\jsch\0.1.54.1\jsch-0.1.54.1.jar;C:\Users\umesh\.m2\repository\com\jcraft\jsch\0.1.54\jsch-0.1.54.jar;C:\Users\umesh\.m2\repository\org\jenkins-ci\plugins\apache-httpcomponents-client-4-api\4.5.3-2.0\apache-httpcomponents-client-4-api-4.5.3-2.0.jar;C:\Users\umesh\.m2\repository\org\apache\httpcomponents\httpmime\4.5.3\httpmime-4.5.3.jar;C:\Users\umesh\.m2\repository\org\apache\httpcomponents\fluent-hc\4.5.3\fluent-hc-4.5.3.jar;C:\Users\umesh\.m2\repository\org\apache\httpcomponents\httpclient-cache\4.5.3\httpclient-cache-4.5.3.jar;C:\Users\umesh\.m2\repository\org\jenkins-ci\plugins\cloudbees-folder\5.16\cloudbees-folder-5.16.jar;C:\Users\umesh\.m2\repository\org\apache\ivy\ivy\2.4.0\ivy-2.4.0.jar;C:\Users\umesh\.m2\repository\org\apache\commons\commons-lang3\3.5\commons-lang3-3.5.jar;C:\Users\umesh\.m2\repository\org\apache\maven\surefire\surefire-junit4\2.22.0\surefire-junit4-2.22.0.jar"/>
    <property name="java.vm.vendor" value="Oracle Corporation"/>
    <property name="sun.arch.data.model" value="32"/>
    <property name="user.variant" value=""/>
    <property name="java.vendor.url" value="http://java.oracle.com/"/>
    <property name="user.timezone" value="Asia/Calcutta"/>
    <property name="java.vm.specification.version" value="1.8"/>
    <property name="os.name" value="Windows 10"/>
    <property name="sun.java.launcher" value="SUN_STANDARD"/>
    <property name="user.country" value="US"/>
    <property name="root.loglevel" value="ERROR"/>
    <property name="sun.boot.library.path" value="C:\Program Files (x86)\Java\jdk1.8.0_181\jre\bin"/>
    <property name="sun.java.command" value="org.apache.maven.surefire.booter.ForkedBooter C:\Users\umesh\AppData\Local\Temp\surefire746604844814851258 2019-07-25T20-19-59_827-jvmRun1 surefire2145506133210447274tmp surefire_04849770343190568209tmp"/>
    <property name="surefire.test.class.path" value="D:\CODE\Sample\GitSample\TAC2019\pipelinecode-unittest-shared-library\target\test-classes;D:\CODE\Sample\GitSample\TAC2019\pipelinecode-unittest-shared-library\target\classes;C:\Users\umesh\.m2\repository\com\homeaway\devtools\jenkins\jenkins-spock\2.0.0\jenkins-spock-2.0.0.jar;C:\Users\umesh\.m2\repository\cglib\cglib-nodep\3.2.7\cglib-nodep-3.2.7.jar;C:\Users\umesh\.m2\repository\org\objenesis\objenesis\2.6\objenesis-2.6.jar;C:\Users\umesh\.m2\repository\org\reflections\reflections\0.9.11\reflections-0.9.11.jar;C:\Users\umesh\.m2\repository\org\javassist\javassist\3.21.0-GA\javassist-3.21.0-GA.jar;C:\Users\umesh\.m2\repository\io\github\lukehutch\fast-classpath-scanner\2.8.2\fast-classpath-scanner-2.8.2.jar;C:\Users\umesh\.m2\repository\ch\qos\logback\logback-core\1.2.3\logback-core-1.2.3.jar;C:\Users\umesh\.m2\repository\ch\qos\logback\logback-classic\1.2.3\logback-classic-1.2.3.jar;C:\Users\umesh\.m2\repository\javax\servlet\javax.servlet-api\3.1.0\javax.servlet-api-3.1.0.jar;C:\Users\umesh\.m2\repository\junit\junit\4.12\junit-4.12.jar;C:\Users\umesh\.m2\repository\org\hamcrest\hamcrest-core\1.3\hamcrest-core-1.3.jar;C:\Users\umesh\.m2\repository\org\jenkins-ci\main\jenkins-core\2.102\jenkins-core-2.102.jar;C:\Users\umesh\.m2\repository\org\jenkins-ci\plugins\icon-shim\icon-set\1.0.5\icon-set-1.0.5.jar;C:\Users\umesh\.m2\repository\org\jenkins-ci\main\remoting\3.16\remoting-3.16.jar;C:\Users\umesh\.m2\repository\org\jenkins-ci\constant-pool-scanner\1.2\constant-pool-scanner-1.2.jar;C:\Users\umesh\.m2\repository\org\jenkins-ci\main\cli\2.102\cli-2.102.jar;C:\Users\umesh\.m2\repository\org\jenkins-ci\version-number\1.4\version-number-1.4.jar;C:\Users\umesh\.m2\repository\org\jenkins-ci\crypto-util\1.1\crypto-util-1.1.jar;C:\Users\umesh\.m2\repository\org\jvnet\hudson\jtidy\4aug2000r7-dev-hudson-1\jtidy-4aug2000r7-dev-hudson-1.jar;C:\Users\umesh\.m2\repository\com\google\inject\guice\4.0\guice-4.0.jar;C:\Users\umesh\.m2\repository\javax\inject\javax.inject\1\javax.inject-1.jar;C:\Users\umesh\.m2\repository\aopalliance\aopalliance\1.0\aopalliance-1.0.jar;C:\Users\umesh\.m2\repository\org\jruby\ext\posix\jna-posix\1.0.3-jenkins-1\jna-posix-1.0.3-jenkins-1.jar;C:\Users\umesh\.m2\repository\com\github\jnr\jnr-posix\3.0.41\jnr-posix-3.0.41.jar;C:\Users\umesh\.m2\repository\com\github\jnr\jnr-ffi\2.1.4\jnr-ffi-2.1.4.jar;C:\Users\umesh\.m2\repository\com\github\jnr\jffi\1.2.15\jffi-1.2.15.jar;C:\Users\umesh\.m2\repository\com\github\jnr\jffi\1.2.15\jffi-1.2.15-native.jar;C:\Users\umesh\.m2\repository\org\ow2\asm\asm\5.0.3\asm-5.0.3.jar;C:\Users\umesh\.m2\repository\org\ow2\asm\asm-commons\5.0.3\asm-commons-5.0.3.jar;C:\Users\umesh\.m2\repository\org\ow2\asm\asm-analysis\5.0.3\asm-analysis-5.0.3.jar;C:\Users\umesh\.m2\repository\org\ow2\asm\asm-tree\5.0.3\asm-tree-5.0.3.jar;C:\Users\umesh\.m2\repository\org\ow2\asm\asm-util\5.0.3\asm-util-5.0.3.jar;C:\Users\umesh\.m2\repository\com\github\jnr\jnr-x86asm\1.0.2\jnr-x86asm-1.0.2.jar;C:\Users\umesh\.m2\repository\com\github\jnr\jnr-constants\0.9.8\jnr-constants-0.9.8.jar;C:\Users\umesh\.m2\repository\org\kohsuke\trilead-putty-extension\1.2\trilead-putty-extension-1.2.jar;C:\Users\umesh\.m2\repository\org\jenkins-ci\trilead-ssh2\build-217-jenkins-11\trilead-ssh2-build-217-jenkins-11.jar;C:\Users\umesh\.m2\repository\net\i2p\crypto\eddsa\0.2.0\eddsa-0.2.0.jar;C:\Users\umesh\.m2\repository\org\connectbot\jbcrypt\jbcrypt\1.0.0\jbcrypt-1.0.0.jar;C:\Users\umesh\.m2\repository\org\kohsuke\stapler\stapler-groovy\1.254\stapler-groovy-1.254.jar;C:\Users\umesh\.m2\repository\org\kohsuke\stapler\stapler-jelly\1.254\stapler-jelly-1.254.jar;C:\Users\umesh\.m2\repository\org\jenkins-ci\commons-jelly\1.1-jenkins-20120928\commons-jelly-1.1-jenkins-20120928.jar;C:\Users\umesh\.m2\repository\org\jenkins-ci\dom4j\dom4j\1.6.1-jenkins-4\dom4j-1.6.1-jenkins-4.jar;C:\Users\umesh\.m2\repository\org\kohsuke\stapler\stapler-jrebel\1.254\stapler-jrebel-1.254.jar;C:\Users\umesh\.m2\repository\org\kohsuke\stapler\stapler\1.254\stapler-1.254.jar;C:\Users\umesh\.m2\repository\javax\annotation\javax.annotation-api\1.2\javax.annotation-api-1.2.jar;C:\Users\umesh\.m2\repository\commons-discovery\commons-discovery\0.4\commons-discovery-0.4.jar;C:\Users\umesh\.m2\repository\org\jvnet\tiger-types\2.2\tiger-types-2.2.jar;C:\Users\umesh\.m2\repository\org\kohsuke\windows-package-checker\1.2\windows-package-checker-1.2.jar;C:\Users\umesh\.m2\repository\org\kohsuke\stapler\stapler-adjunct-zeroclipboard\1.3.5-1\stapler-adjunct-zeroclipboard-1.3.5-1.jar;C:\Users\umesh\.m2\repository\org\kohsuke\stapler\stapler-adjunct-timeline\1.5\stapler-adjunct-timeline-1.5.jar;C:\Users\umesh\.m2\repository\org\kohsuke\stapler\stapler-adjunct-codemirror\1.3\stapler-adjunct-codemirror-1.3.jar;C:\Users\umesh\.m2\repository\com\infradna\tool\bridge-method-annotation\1.13\bridge-method-annotation-1.13.jar;C:\Users\umesh\.m2\repository\org\kohsuke\stapler\json-lib\2.4-jenkins-2\json-lib-2.4-jenkins-2.jar;C:\Users\umesh\.m2\repository\commons-logging\commons-logging\1.1.1\commons-logging-1.1.1.jar;C:\Users\umesh\.m2\repository\net\sf\ezmorph\ezmorph\1.0.6\ezmorph-1.0.6.jar;C:\Users\umesh\.m2\repository\commons-httpclient\commons-httpclient\3.1-jenkins-1\commons-httpclient-3.1-jenkins-1.jar;C:\Users\umesh\.m2\repository\args4j\args4j\2.0.31\args4j-2.0.31.jar;C:\Users\umesh\.m2\repository\org\jenkins-ci\annotation-indexer\1.12\annotation-indexer-1.12.jar;C:\Users\umesh\.m2\repository\org\jenkins-ci\bytecode-compatibility-transformer\1.8\bytecode-compatibility-transformer-1.8.jar;C:\Users\umesh\.m2\repository\org\kohsuke\asm5\5.0.1\asm5-5.0.1.jar;C:\Users\umesh\.m2\repository\org\jenkins-ci\task-reactor\1.4\task-reactor-1.4.jar;C:\Users\umesh\.m2\repository\org\jvnet\localizer\localizer\1.24\localizer-1.24.jar;C:\Users\umesh\.m2\repository\antlr\antlr\2.7.6\antlr-2.7.6.jar;C:\Users\umesh\.m2\repository\org\jvnet\hudson\xstream\1.4.7-jenkins-1\xstream-1.4.7-jenkins-1.jar;C:\Users\umesh\.m2\repository\jfree\jfreechart\1.0.9\jfreechart-1.0.9.jar;C:\Users\umesh\.m2\repository\jfree\jcommon\1.0.12\jcommon-1.0.12.jar;C:\Users\umesh\.m2\repository\org\apache\ant\ant\1.8.4\ant-1.8.4.jar;C:\Users\umesh\.m2\repository\org\apache\ant\ant-launcher\1.8.4\ant-launcher-1.8.4.jar;C:\Users\umesh\.m2\repository\commons-io\commons-io\2.4\commons-io-2.4.jar;C:\Users\umesh\.m2\repository\commons-lang\commons-lang\2.6\commons-lang-2.6.jar;C:\Users\umesh\.m2\repository\commons-digester\commons-digester\2.1\commons-digester-2.1.jar;C:\Users\umesh\.m2\repository\commons-beanutils\commons-beanutils\1.8.3\commons-beanutils-1.8.3.jar;C:\Users\umesh\.m2\repository\org\apache\commons\commons-compress\1.10\commons-compress-1.10.jar;C:\Users\umesh\.m2\repository\javax\mail\mail\1.4.4\mail-1.4.4.jar;C:\Users\umesh\.m2\repository\org\jvnet\hudson\activation\1.1.1-hudson-1\activation-1.1.1-hudson-1.jar;C:\Users\umesh\.m2\repository\jaxen\jaxen\1.1-beta-11\jaxen-1.1-beta-11.jar;C:\Users\umesh\.m2\repository\commons-jelly\commons-jelly-tags-fmt\1.0\commons-jelly-tags-fmt-1.0.jar;C:\Users\umesh\.m2\repository\commons-jelly\commons-jelly-tags-xml\1.1\commons-jelly-tags-xml-1.1.jar;C:\Users\umesh\.m2\repository\org\jvnet\hudson\commons-jelly-tags-define\1.0.1-hudson-20071021\commons-jelly-tags-define-1.0.1-hudson-20071021.jar;C:\Users\umesh\.m2\repository\org\jenkins-ci\commons-jexl\1.1-jenkins-20111212\commons-jexl-1.1-jenkins-20111212.jar;C:\Users\umesh\.m2\repository\org\acegisecurity\acegi-security\1.0.7\acegi-security-1.0.7.jar;C:\Users\umesh\.m2\repository\org\springframework\spring-jdbc\1.2.9\spring-jdbc-1.2.9.jar;C:\Users\umesh\.m2\repository\org\springframework\spring-dao\1.2.9\spring-dao-1.2.9.jar;C:\Users\umesh\.m2\repository\oro\oro\2.0.8\oro-2.0.8.jar;C:\Users\umesh\.m2\repository\log4j\log4j\1.2.9\log4j-1.2.9.jar;C:\Users\umesh\.m2\repository\jline\jline\2.12\jline-2.12.jar;C:\Users\umesh\.m2\repository\org\fusesource\jansi\jansi\1.11\jansi-1.11.jar;C:\Users\umesh\.m2\repository\org\springframework\spring-webmvc\2.5.6.SEC03\spring-webmvc-2.5.6.SEC03.jar;C:\Users\umesh\.m2\repository\org\springframework\spring-beans\2.5.6.SEC03\spring-beans-2.5.6.SEC03.jar;C:\Users\umesh\.m2\repository\org\springframework\spring-context\2.5.6.SEC03\spring-context-2.5.6.SEC03.jar;C:\Users\umesh\.m2\repository\org\springframework\spring-context-support\2.5.6.SEC03\spring-context-support-2.5.6.SEC03.jar;C:\Users\umesh\.m2\repository\org\springframework\spring-web\2.5.6.SEC03\spring-web-2.5.6.SEC03.jar;C:\Users\umesh\.m2\repository\org\springframework\spring-core\2.5.6.SEC03\spring-core-2.5.6.SEC03.jar;C:\Users\umesh\.m2\repository\org\springframework\spring-aop\2.5.6.SEC03\spring-aop-2.5.6.SEC03.jar;C:\Users\umesh\.m2\repository\xpp3\xpp3\1.1.4c\xpp3-1.1.4c.jar;C:\Users\umesh\.m2\repository\javax\servlet\jsp\jstl\javax.servlet.jsp.jstl-api\1.2.1\javax.servlet.jsp.jstl-api-1.2.1.jar;C:\Users\umesh\.m2\repository\com\sun\xml\txw2\txw2\20110809\txw2-20110809.jar;C:\Users\umesh\.m2\repository\javax\xml\stream\stax-api\1.0-2\stax-api-1.0-2.jar;C:\Users\umesh\.m2\repository\relaxngDatatype\relaxngDatatype\20020414\relaxngDatatype-20020414.jar;C:\Users\umesh\.m2\repository\commons-collections\commons-collections\3.2.2\commons-collections-3.2.2.jar;C:\Users\umesh\.m2\repository\org\jvnet\winp\winp\1.25\winp-1.25.jar;C:\Users\umesh\.m2\repository\org\jenkins-ci\memory-monitor\1.9\memory-monitor-1.9.jar;C:\Users\umesh\.m2\repository\org\codehaus\woodstox\wstx-asl\3.2.9\wstx-asl-3.2.9.jar;C:\Users\umesh\.m2\repository\stax\stax-api\1.0.1\stax-api-1.0.1.jar;C:\Users\umesh\.m2\repository\org\jenkins-ci\jmdns\3.4.0-jenkins-3\jmdns-3.4.0-jenkins-3.jar;C:\Users\umesh\.m2\repository\net\java\dev\jna\jna\4.2.1\jna-4.2.1.jar;C:\Users\umesh\.m2\repository\org\kohsuke\akuma\1.10\akuma-1.10.jar;C:\Users\umesh\.m2\repository\org\kohsuke\libpam4j\1.8\libpam4j-1.8.jar;C:\Users\umesh\.m2\repository\org\kohsuke\libzfs\0.8\libzfs-0.8.jar;C:\Users\umesh\.m2\repository\com\sun\solaris\embedded_su4j\1.1\embedded_su4j-1.1.jar;C:\Users\umesh\.m2\repository\net\java\sezpoz\sezpoz\1.12\sezpoz-1.12.jar;C:\Users\umesh\.m2\repository\org\kohsuke\jinterop\j-interop\2.0.6-kohsuke-1\j-interop-2.0.6-kohsuke-1.jar;C:\Users\umesh\.m2\repository\org\kohsuke\jinterop\j-interopdeps\2.0.6-kohsuke-1\j-interopdeps-2.0.6-kohsuke-1.jar;C:\Users\umesh\.m2\repository\org\samba\jcifs\jcifs\1.2.19\jcifs-1.2.19.jar;C:\Users\umesh\.m2\repository\org\jvnet\robust-http-client\robust-http-client\1.2\robust-http-client-1.2.jar;C:\Users\umesh\.m2\repository\commons-codec\commons-codec\1.9\commons-codec-1.9.jar;C:\Users\umesh\.m2\repository\org\kohsuke\access-modifier-annotation\1.12\access-modifier-annotation-1.12.jar;C:\Users\umesh\.m2\repository\commons-fileupload\commons-fileupload\1.3.1-jenkins-2\commons-fileupload-1.3.1-jenkins-2.jar;C:\Users\umesh\.m2\repository\com\google\guava\guava\20.0\guava-20.0.jar;C:\Users\umesh\.m2\repository\com\jcraft\jzlib\1.1.3-kohsuke-1\jzlib-1.1.3-kohsuke-1.jar;C:\Users\umesh\.m2\repository\org\jenkins-ci\plugins\workflow\workflow-step-api\2.10\workflow-step-api-2.10.jar;C:\Users\umesh\.m2\repository\org\jenkins-ci\plugins\structs\1.5\structs-1.5.jar;C:\Users\umesh\.m2\repository\org\jenkins-ci\plugins\workflow\workflow-cps\2.36\workflow-cps-2.36.jar;C:\Users\umesh\.m2\repository\org\jenkins-ci\plugins\workflow\workflow-api\2.16\workflow-api-2.16.jar;C:\Users\umesh\.m2\repository\org\jenkins-ci\plugins\workflow\workflow-support\2.14\workflow-support-2.14.jar;C:\Users\umesh\.m2\repository\org\jboss\marshalling\jboss-marshalling-river\1.4.9.Final\jboss-marshalling-river-1.4.9.Final.jar;C:\Users\umesh\.m2\repository\org\jboss\marshalling\jboss-marshalling\1.4.9.Final\jboss-marshalling-1.4.9.Final.jar;C:\Users\umesh\.m2\repository\org\jenkins-ci\plugins\workflow\workflow-scm-step\2.4\workflow-scm-step-2.4.jar;C:\Users\umesh\.m2\repository\org\jenkins-ci\plugins\script-security\1.29\script-security-1.29.jar;C:\Users\umesh\.m2\repository\org\kohsuke\groovy-sandbox\1.10\groovy-sandbox-1.10.jar;C:\Users\umesh\.m2\repository\org\jenkins-ci\plugins\scm-api\2.0.8\scm-api-2.0.8.jar;C:\Users\umesh\.m2\repository\com\cloudbees\groovy-cps\1.16\groovy-cps-1.16.jar;C:\Users\umesh\.m2\repository\org\jenkins-ci\ui\jquery-detached\1.2.1\jquery-detached-1.2.1.jar;C:\Users\umesh\.m2\repository\org\jenkins-ci\ui\ace-editor\1.0.1\ace-editor-1.0.1.jar;C:\Users\umesh\.m2\repository\com\cloudbees\diff4j\1.2\diff4j-1.2.jar;C:\Users\umesh\.m2\repository\org\jenkins-ci\symbol-annotation\1.10\symbol-annotation-1.10.jar;C:\Users\umesh\.m2\repository\org\codehaus\groovy\groovy-all\2.4.11\groovy-all-2.4.11.jar;C:\Users\umesh\.m2\repository\org\slf4j\jcl-over-slf4j\1.7.25\jcl-over-slf4j-1.7.25.jar;C:\Users\umesh\.m2\repository\org\slf4j\log4j-over-slf4j\1.7.25\log4j-over-slf4j-1.7.25.jar;C:\Users\umesh\.m2\repository\org\slf4j\slf4j-api\1.7.25\slf4j-api-1.7.25.jar;C:\Users\umesh\.m2\repository\org\spockframework\spock-core\1.1-groovy-2.4\spock-core-1.1-groovy-2.4.jar;C:\Users\umesh\.m2\repository\org\jenkins-ci\plugins\workflow\workflow-durable-task-step\2.21\workflow-durable-task-step-2.21.jar;C:\Users\umesh\.m2\repository\org\jenkins-ci\plugins\durable-task\1.24\durable-task-1.24.jar;C:\Users\umesh\.m2\repository\org\jenkins-ci\plugins\slack\2.3\slack-2.3.jar;C:\Users\umesh\.m2\repository\org\jenkins-ci\plugins\display-url-api\0.4\display-url-api-0.4.jar;C:\Users\umesh\.m2\repository\org\jenkins-ci\plugins\junit\1.3\junit-1.3.jar;C:\Users\umesh\.m2\repository\com\fasterxml\jackson\core\jackson-databind\2.4.4\jackson-databind-2.4.4.jar;C:\Users\umesh\.m2\repository\com\fasterxml\jackson\core\jackson-annotations\2.4.0\jackson-annotations-2.4.0.jar;C:\Users\umesh\.m2\repository\com\fasterxml\jackson\core\jackson-core\2.4.4\jackson-core-2.4.4.jar;C:\Users\umesh\.m2\repository\org\apache\httpcomponents\httpclient\4.3.2\httpclient-4.3.2.jar;C:\Users\umesh\.m2\repository\org\apache\httpcomponents\httpcore\4.3.1\httpcore-4.3.1.jar;C:\Users\umesh\.m2\repository\org\json\json\20131018\json-20131018.jar;C:\Users\umesh\.m2\repository\org\jenkins-ci\plugins\credentials\1.25\credentials-1.25.jar;C:\Users\umesh\.m2\repository\net\jcip\jcip-annotations\1.0\jcip-annotations-1.0.jar;C:\Users\umesh\.m2\repository\com\github\stephenc\findbugs\findbugs-annotations\1.3.9-1\findbugs-annotations-1.3.9-1.jar;C:\Users\umesh\.m2\repository\com\google\code\findbugs\jsr305\1.3.9\jsr305-1.3.9.jar;C:\Users\umesh\.m2\repository\org\jenkins-ci\plugins\icon-shim\icon-shim\2.0.2\icon-shim-2.0.2.jar;C:\Users\umesh\.m2\repository\org\jenkins-ci\plugins\plain-credentials\1.1\plain-credentials-1.1.jar;C:\Users\umesh\.m2\repository\org\jenkins-ci\plugins\pipeline-stage-step\2.3\pipeline-stage-step-2.3.jar;C:\Users\umesh\.m2\repository\org\jenkins-ci\plugins\ssh-agent\1.16\ssh-agent-1.16.jar;C:\Users\umesh\.m2\repository\org\apache\sshd\sshd-core\1.0.0\sshd-core-1.0.0.jar;C:\Users\umesh\.m2\repository\tomcat\tomcat-apr\5.5.23\tomcat-apr-5.5.23.jar;C:\Users\umesh\.m2\repository\com\cloudbees\util\jnr-unixsocket-nodep\0.3.1\jnr-unixsocket-nodep-0.3.1.jar;C:\Users\umesh\.m2\repository\org\jenkins-ci\plugins\ssh-credentials\1.14\ssh-credentials-1.14.jar;C:\Users\umesh\.m2\repository\org\jenkins-ci\plugins\bouncycastle-api\2.16.3\bouncycastle-api-2.16.3.jar;C:\Users\umesh\.m2\repository\org\bouncycastle\bcpkix-jdk15on\1.59\bcpkix-jdk15on-1.59.jar;C:\Users\umesh\.m2\repository\org\bouncycastle\bcprov-jdk15on\1.59\bcprov-jdk15on-1.59.jar;C:\Users\umesh\.m2\repository\org\jenkins-ci\plugins\workflow\workflow-cps-global-lib\2.10\workflow-cps-global-lib-2.10.jar;C:\Users\umesh\.m2\repository\org\jenkins-ci\plugins\git-server\1.7\git-server-1.7.jar;C:\Users\umesh\.m2\repository\org\jenkins-ci\plugins\git-client\2.6.0\git-client-2.6.0.jar;C:\Users\umesh\.m2\repository\org\eclipse\jgit\org.eclipse.jgit\4.5.3.201708160445-r\org.eclipse.jgit-4.5.3.201708160445-r.jar;C:\Users\umesh\.m2\repository\com\googlecode\javaewah\JavaEWAH\0.7.9\JavaEWAH-0.7.9.jar;C:\Users\umesh\.m2\repository\org\eclipse\jgit\org.eclipse.jgit.http.server\4.5.3.201708160445-r\org.eclipse.jgit.http.server-4.5.3.201708160445-r.jar;C:\Users\umesh\.m2\repository\org\eclipse\jgit\org.eclipse.jgit.http.apache\4.5.3.201708160445-r\org.eclipse.jgit.http.apache-4.5.3.201708160445-r.jar;C:\Users\umesh\.m2\repository\org\jenkins-ci\plugins\jsch\0.1.54.1\jsch-0.1.54.1.jar;C:\Users\umesh\.m2\repository\com\jcraft\jsch\0.1.54\jsch-0.1.54.jar;C:\Users\umesh\.m2\repository\org\jenkins-ci\plugins\apache-httpcomponents-client-4-api\4.5.3-2.0\apache-httpcomponents-client-4-api-4.5.3-2.0.jar;C:\Users\umesh\.m2\repository\org\apache\httpcomponents\httpmime\4.5.3\httpmime-4.5.3.jar;C:\Users\umesh\.m2\repository\org\apache\httpcomponents\fluent-hc\4.5.3\fluent-hc-4.5.3.jar;C:\Users\umesh\.m2\repository\org\apache\httpcomponents\httpclient-cache\4.5.3\httpclient-cache-4.5.3.jar;C:\Users\umesh\.m2\repository\org\jenkins-ci\plugins\cloudbees-folder\5.16\cloudbees-folder-5.16.jar;C:\Users\umesh\.m2\repository\org\apache\ivy\ivy\2.4.0\ivy-2.4.0.jar;C:\Users\umesh\.m2\repository\org\apache\commons\commons-lang3\3.5\commons-lang3-3.5.jar;"/>
    <property name="sun.cpu.endian" value="little"/>
    <property name="user.home" value="C:\Users\umesh"/>
    <property name="user.language" value="en"/>
    <property name="java.specification.vendor" value="Oracle Corporation"/>
    <property name="java.home" value="C:\Program Files (x86)\Java\jdk1.8.0_181\jre"/>
    <property name="basedir" value="D:\CODE\Sample\GitSample\TAC2019\pipelinecode-unittest-shared-library"/>
    <property name="file.separator" value="\"/>
    <property name="line.separator" value="&#10;"/>
    <property name="java.vm.specification.vendor" value="Oracle Corporation"/>
    <property name="java.specification.name" value="Java Platform API Specification"/>
    <property name="java.awt.graphicsenv" value="sun.awt.Win32GraphicsEnvironment"/>
    <property name="sun.boot.class.path" value="C:\Program Files (x86)\Java\jdk1.8.0_181\jre\lib\resources.jar;C:\Program Files (x86)\Java\jdk1.8.0_181\jre\lib\rt.jar;C:\Program Files (x86)\Java\jdk1.8.0_181\jre\lib\sunrsasign.jar;C:\Program Files (x86)\Java\jdk1.8.0_181\jre\lib\jsse.jar;C:\Program Files (x86)\Java\jdk1.8.0_181\jre\lib\jce.jar;C:\Program Files (x86)\Java\jdk1.8.0_181\jre\lib\charsets.jar;C:\Program Files (x86)\Java\jdk1.8.0_181\jre\lib\jfr.jar;C:\Program Files (x86)\Java\jdk1.8.0_181\jre\classes"/>
    <property name="user.script" value=""/>
    <property name="sun.management.compiler" value="HotSpot Client Compiler"/>
    <property name="java.runtime.version" value="1.8.0_181-b13"/>
    <property name="user.name" value="umesh"/>
    <property name="path.separator" value=";"/>
    <property name="os.version" value="10.0"/>
    <property name="java.endorsed.dirs" value="C:\Program Files (x86)\Java\jdk1.8.0_181\jre\lib\endorsed"/>
    <property name="java.runtime.name" value="Java(TM) SE Runtime Environment"/>
    <property name="file.encoding" value="Cp1252"/>
    <property name="java.vm.name" value="Java HotSpot(TM) Client VM"/>
    <property name="root.appender" value="Stdout"/>
    <property name="logdir" value="D:\CODE\Sample\GitSample\TAC2019\pipelinecode-unittest-shared-library\target/log"/>
    <property name="localRepository" value="C:\Users\umesh\.m2\repository"/>
    <property name="test.loglevel" value="ERROR"/>
    <property name="java.vendor.url.bug" value="http://bugreport.sun.com/bugreport/"/>
    <property name="java.io.tmpdir" value="C:\Users\umesh\AppData\Local\Temp\"/>
    <property name="java.version" value="1.8.0_181"/>
    <property name="user.dir" value="D:\CODE\Sample\GitSample\TAC2019\pipelinecode-unittest-shared-library"/>
    <property name="os.arch" value="x86"/>
    <property name="java.vm.specification.name" value="Java Virtual Machine Specification"/>
    <property name="java.awt.printerjob" value="sun.awt.windows.WPrinterJob"/>
    <property name="sun.os.patch.level" value=""/>
    <property name="java.library.path" value="C:\Program Files (x86)\Java\jdk1.8.0_181\jre\bin;C:\WINDOWS\Sun\Java\bin;C:\WINDOWS\system32;C:\WINDOWS;C:\ProgramData\DockerDesktop\version-bin;C:\Program Files\Docker\Docker\Resources\bin;C:\Program Files (x86)\Intel\iCLS Client\;C:\Program Files\Intel\iCLS Client\;C:\Windows\system32;C:\Windows;C:\Windows\System32\Wbem;C:\Windows\System32\WindowsPowerShell\v1.0\;C:\Program Files (x86)\Intel\Intel(R) Management Engine Components\DAL;C:\Program Files\Intel\Intel(R) Management Engine Components\DAL;C:\Program Files (x86)\Intel\Intel(R) Management Engine Components\IPT;C:\Program Files\Intel\Intel(R) Management Engine Components\IPT;C:\Program Files (x86)\NVIDIA Corporation\PhysX\Common;C:\WINDOWS\system32;C:\WINDOWS;C:\WINDOWS\System32\Wbem;C:\WINDOWS\System32\WindowsPowerShell\v1.0\;C:\WINDOWS\System32\OpenSSH\;C:\Program Files\dotnet\;C:\Program Files\Microsoft SQL Server\130\Tools\Binn\;C:\Program Files\Microsoft SQL Server\120\DTS\Binn\;C:\Program Files\Microsoft SQL Server\Client SDK\ODBC\110\Tools\Binn\;C:\Program Files (x86)\Microsoft SQL Server\120\Tools\Binn\;C:\Program Files\Microsoft SQL Server\120\Tools\Binn\;C:\Program Files (x86)\Microsoft SQL Server\120\Tools\Binn\ManagementStudio\;C:\Program Files (x86)\Microsoft SQL Server\120\DTS\Binn\;C:\Program Files (x86)\Microsoft Visual Studio 12.0\Common7\IDE\PrivateAssemblies\;C:\Program Files\nodejs\;C:\Program Files\Geth\;C:\Program Files\PuTTY\;C:\Program Files (x86)\Microsoft Visual Studio\Shared\Python36_64\;C:\ProgramData\chocolatey\bin;C:\Program Files (x86)\NUnit.org\nunit-console;C:\Program Files (x86)\Microsoft Visual Studio\2017\Enterprise\Common7\IDE;C:\Program Files\ApacheMaven\apache-maven-3.6.0-bin\apache-maven-3.6.0\bin;C:\Program Files\ApacheGroovy\groovy-2.5.6\bin;C:\Program Files\Git\cmd;D:\Gradle\gradle-5.4.1\bin;D:\Google\ChromeDriver;C:\Program Files (x86)\Microsoft Visual Studio\Shared\Python36_64\Lib\site-packages;;C:\Program Files\NVIDIA Corporation\NVIDIA NvDLISR;C:\Users\umesh\AppData\Local\Microsoft\WindowsApps;;C:\Users\umesh\AppData\Local\Programs\Microsoft VS Code\bin;C:\Users\umesh\AppData\Roaming\npm;C:\Users\umesh\.dotnet\tools;C:\Program Files\JetBrains\IntelliJ IDEA Community Edition 2019.1.3\bin;;."/>
    <property name="java.vm.info" value="mixed mode"/>
    <property name="java.vendor" value="Oracle Corporation"/>
    <property name="java.vm.version" value="25.181-b13"/>
    <property name="java.ext.dirs" value="C:\Program Files (x86)\Java\jdk1.8.0_181\jre\lib\ext;C:\WINDOWS\Sun\Java\lib\ext"/>
    <property name="sun.io.unicode.encoding" value="UnicodeLittle"/>
    <property name="java.class.version" value="52.0"/>
  </properties>
  <testcase name="Slack is notified when tests fail" classname="DefaultPipelineSpec" time="0.601"/>
  <testcase name="Attempts to deploy MASTER branch to PRODUCTION" classname="DefaultPipelineSpec" time="0.076"/>
  <testcase name="Does NOT attempt to deploy non-MASTER branch PRODUCTION" classname="DefaultPipelineSpec" time="0.092"/>
</testsuite>